[2024-05-05T13:41:24.959+0000] {local_task_job_runner.py:120} INFO - ::group::Pre task execution logs
[2024-05-05T13:41:25.026+0000] {taskinstance.py:2073} INFO - Dependencies all met for dep_context=non-requeueable deps ti=<TaskInstance: example_complex.create_tag_template manual__2024-05-05T13:41:12.244644+00:00 [queued]>
[2024-05-05T13:41:25.087+0000] {taskinstance.py:2073} INFO - Dependencies all met for dep_context=requeueable deps ti=<TaskInstance: example_complex.create_tag_template manual__2024-05-05T13:41:12.244644+00:00 [queued]>
[2024-05-05T13:41:25.089+0000] {taskinstance.py:2303} INFO - Starting attempt 1 of 1
[2024-05-05T13:41:25.142+0000] {taskinstance.py:2327} INFO - Executing <Task(BashOperator): create_tag_template> on 2024-05-05 13:41:12.244644+00:00
[2024-05-05T13:41:25.163+0000] {logging_mixin.py:188} WARNING - /home/***/.local/lib/python3.12/site-packages/***/task/task_runner/standard_task_runner.py:61 DeprecationWarning: This process (pid=1230) is multi-threaded, use of fork() may lead to deadlocks in the child.
[2024-05-05T13:41:25.164+0000] {standard_task_runner.py:63} INFO - Started process 1246 to run task
[2024-05-05T13:41:25.190+0000] {standard_task_runner.py:90} INFO - Running: ['***', 'tasks', 'run', 'example_complex', 'create_tag_template', 'manual__2024-05-05T13:41:12.244644+00:00', '--job-id', '7', '--raw', '--subdir', '/home/***/.local/lib/python3.12/site-packages/***/example_dags/example_complex.py', '--cfg-path', '/tmp/tmpul5dovr6']
[2024-05-05T13:41:25.211+0000] {standard_task_runner.py:91} INFO - Job 7: Subtask create_tag_template
[2024-05-05T13:41:25.470+0000] {task_command.py:426} INFO - Running <TaskInstance: example_complex.create_tag_template manual__2024-05-05T13:41:12.244644+00:00 [running]> on host b274a178a74a
[2024-05-05T13:41:25.888+0000] {taskinstance.py:2644} INFO - Exporting env vars: AIRFLOW_CTX_DAG_OWNER='***' AIRFLOW_CTX_DAG_ID='example_complex' AIRFLOW_CTX_TASK_ID='create_tag_template' AIRFLOW_CTX_EXECUTION_DATE='2024-05-05T13:41:12.244644+00:00' AIRFLOW_CTX_TRY_NUMBER='1' AIRFLOW_CTX_DAG_RUN_ID='manual__2024-05-05T13:41:12.244644+00:00'
[2024-05-05T13:41:25.898+0000] {taskinstance.py:430} INFO - ::endgroup::
[2024-05-05T13:41:25.900+0000] {subprocess.py:63} INFO - Tmp dir root location: /tmp
[2024-05-05T13:41:25.903+0000] {subprocess.py:75} INFO - Running command: ['/usr/bin/bash', '-c', 'echo create_tag_template']
[2024-05-05T13:41:26.014+0000] {subprocess.py:86} INFO - Output:
[2024-05-05T13:41:26.031+0000] {subprocess.py:93} INFO - create_tag_template
[2024-05-05T13:41:26.034+0000] {subprocess.py:97} INFO - Command exited with return code 0
[2024-05-05T13:41:26.034+0000] {taskinstance.py:441} INFO - ::group::Post task execution logs
[2024-05-05T13:41:26.116+0000] {taskinstance.py:1205} INFO - Marking task as SUCCESS. dag_id=example_complex, task_id=create_tag_template, execution_date=20240505T134112, start_date=20240505T134125, end_date=20240505T134126
[2024-05-05T13:41:26.381+0000] {local_task_job_runner.py:240} INFO - Task exited with return code 0
[2024-05-05T13:41:26.805+0000] {taskinstance.py:3482} INFO - 5 downstream tasks scheduled from follow-on schedule check
[2024-05-05T13:41:26.824+0000] {local_task_job_runner.py:222} INFO - ::endgroup::
