[2024-05-05T13:41:49.212+0000] {local_task_job_runner.py:120} INFO - ::group::Pre task execution logs
[2024-05-05T13:41:49.419+0000] {taskinstance.py:2073} INFO - Dependencies all met for dep_context=non-requeueable deps ti=<TaskInstance: example_complex.rename_tag_template_field manual__2024-05-05T13:41:12.244644+00:00 [queued]>
[2024-05-05T13:41:49.470+0000] {taskinstance.py:2073} INFO - Dependencies all met for dep_context=requeueable deps ti=<TaskInstance: example_complex.rename_tag_template_field manual__2024-05-05T13:41:12.244644+00:00 [queued]>
[2024-05-05T13:41:49.472+0000] {taskinstance.py:2303} INFO - Starting attempt 1 of 1
[2024-05-05T13:41:49.545+0000] {taskinstance.py:2327} INFO - Executing <Task(BashOperator): rename_tag_template_field> on 2024-05-05 13:41:12.244644+00:00
[2024-05-05T13:41:49.575+0000] {logging_mixin.py:188} WARNING - /home/***/.local/lib/python3.12/site-packages/***/task/task_runner/standard_task_runner.py:61 DeprecationWarning: This process (pid=1568) is multi-threaded, use of fork() may lead to deadlocks in the child.
[2024-05-05T13:41:49.577+0000] {standard_task_runner.py:63} INFO - Started process 1581 to run task
[2024-05-05T13:41:49.591+0000] {standard_task_runner.py:90} INFO - Running: ['***', 'tasks', 'run', 'example_complex', 'rename_tag_template_field', 'manual__2024-05-05T13:41:12.244644+00:00', '--job-id', '29', '--raw', '--subdir', '/home/***/.local/lib/python3.12/site-packages/***/example_dags/example_complex.py', '--cfg-path', '/tmp/tmptidctv4i']
[2024-05-05T13:41:49.594+0000] {standard_task_runner.py:91} INFO - Job 29: Subtask rename_tag_template_field
[2024-05-05T13:41:49.753+0000] {task_command.py:426} INFO - Running <TaskInstance: example_complex.rename_tag_template_field manual__2024-05-05T13:41:12.244644+00:00 [running]> on host b274a178a74a
[2024-05-05T13:41:50.105+0000] {taskinstance.py:2644} INFO - Exporting env vars: AIRFLOW_CTX_DAG_OWNER='***' AIRFLOW_CTX_DAG_ID='example_complex' AIRFLOW_CTX_TASK_ID='rename_tag_template_field' AIRFLOW_CTX_EXECUTION_DATE='2024-05-05T13:41:12.244644+00:00' AIRFLOW_CTX_TRY_NUMBER='1' AIRFLOW_CTX_DAG_RUN_ID='manual__2024-05-05T13:41:12.244644+00:00'
[2024-05-05T13:41:50.106+0000] {taskinstance.py:430} INFO - ::endgroup::
[2024-05-05T13:41:50.112+0000] {subprocess.py:63} INFO - Tmp dir root location: /tmp
[2024-05-05T13:41:50.113+0000] {subprocess.py:75} INFO - Running command: ['/usr/bin/bash', '-c', 'echo rename_tag_template_field']
[2024-05-05T13:41:50.174+0000] {subprocess.py:86} INFO - Output:
[2024-05-05T13:41:50.191+0000] {subprocess.py:93} INFO - rename_tag_template_field
[2024-05-05T13:41:50.199+0000] {subprocess.py:97} INFO - Command exited with return code 0
[2024-05-05T13:41:50.199+0000] {taskinstance.py:441} INFO - ::group::Post task execution logs
[2024-05-05T13:41:50.246+0000] {taskinstance.py:1205} INFO - Marking task as SUCCESS. dag_id=example_complex, task_id=rename_tag_template_field, execution_date=20240505T134112, start_date=20240505T134149, end_date=20240505T134150
[2024-05-05T13:41:50.342+0000] {local_task_job_runner.py:240} INFO - Task exited with return code 0
[2024-05-05T13:41:50.409+0000] {taskinstance.py:3482} INFO - 0 downstream tasks scheduled from follow-on schedule check
[2024-05-05T13:41:50.430+0000] {local_task_job_runner.py:222} INFO - ::endgroup::
