[2024-05-05T13:41:48.647+0000] {local_task_job_runner.py:120} INFO - ::group::Pre task execution logs
[2024-05-05T13:41:48.748+0000] {taskinstance.py:2073} INFO - Dependencies all met for dep_context=non-requeueable deps ti=<TaskInstance: example_complex.list_tags manual__2024-05-05T13:41:12.244644+00:00 [queued]>
[2024-05-05T13:41:48.785+0000] {taskinstance.py:2073} INFO - Dependencies all met for dep_context=requeueable deps ti=<TaskInstance: example_complex.list_tags manual__2024-05-05T13:41:12.244644+00:00 [queued]>
[2024-05-05T13:41:48.785+0000] {taskinstance.py:2303} INFO - Starting attempt 1 of 1
[2024-05-05T13:41:48.844+0000] {taskinstance.py:2327} INFO - Executing <Task(BashOperator): list_tags> on 2024-05-05 13:41:12.244644+00:00
[2024-05-05T13:41:48.894+0000] {logging_mixin.py:188} WARNING - /home/***/.local/lib/python3.12/site-packages/***/task/task_runner/standard_task_runner.py:61 DeprecationWarning: This process (pid=1567) is multi-threaded, use of fork() may lead to deadlocks in the child.
[2024-05-05T13:41:48.897+0000] {standard_task_runner.py:63} INFO - Started process 1577 to run task
[2024-05-05T13:41:48.883+0000] {standard_task_runner.py:90} INFO - Running: ['***', 'tasks', 'run', 'example_complex', 'list_tags', 'manual__2024-05-05T13:41:12.244644+00:00', '--job-id', '26', '--raw', '--subdir', '/home/***/.local/lib/python3.12/site-packages/***/example_dags/example_complex.py', '--cfg-path', '/tmp/tmpy1oip7c9']
[2024-05-05T13:41:48.903+0000] {standard_task_runner.py:91} INFO - Job 26: Subtask list_tags
[2024-05-05T13:41:49.077+0000] {task_command.py:426} INFO - Running <TaskInstance: example_complex.list_tags manual__2024-05-05T13:41:12.244644+00:00 [running]> on host b274a178a74a
[2024-05-05T13:41:49.462+0000] {taskinstance.py:2644} INFO - Exporting env vars: AIRFLOW_CTX_DAG_OWNER='***' AIRFLOW_CTX_DAG_ID='example_complex' AIRFLOW_CTX_TASK_ID='list_tags' AIRFLOW_CTX_EXECUTION_DATE='2024-05-05T13:41:12.244644+00:00' AIRFLOW_CTX_TRY_NUMBER='1' AIRFLOW_CTX_DAG_RUN_ID='manual__2024-05-05T13:41:12.244644+00:00'
[2024-05-05T13:41:49.468+0000] {taskinstance.py:430} INFO - ::endgroup::
[2024-05-05T13:41:49.479+0000] {subprocess.py:63} INFO - Tmp dir root location: /tmp
[2024-05-05T13:41:49.484+0000] {subprocess.py:75} INFO - Running command: ['/usr/bin/bash', '-c', 'echo list_tags']
[2024-05-05T13:41:49.589+0000] {subprocess.py:86} INFO - Output:
[2024-05-05T13:41:49.609+0000] {subprocess.py:93} INFO - list_tags
[2024-05-05T13:41:49.614+0000] {subprocess.py:97} INFO - Command exited with return code 0
[2024-05-05T13:41:49.614+0000] {taskinstance.py:441} INFO - ::group::Post task execution logs
[2024-05-05T13:41:49.662+0000] {taskinstance.py:1205} INFO - Marking task as SUCCESS. dag_id=example_complex, task_id=list_tags, execution_date=20240505T134112, start_date=20240505T134148, end_date=20240505T134149
[2024-05-05T13:41:49.751+0000] {local_task_job_runner.py:240} INFO - Task exited with return code 0
[2024-05-05T13:41:49.891+0000] {taskinstance.py:3482} INFO - 1 downstream tasks scheduled from follow-on schedule check
[2024-05-05T13:41:49.903+0000] {local_task_job_runner.py:222} INFO - ::endgroup::
