[0m14:57:31.105391 [debug] [MainThread]: Sending event: {'category': 'dbt', 'action': 'invocation', 'label': 'start', 'context': [<snowplow_tracker.self_describing_json.SelfDescribingJson object at 0x7787d7666f20>, <snowplow_tracker.self_describing_json.SelfDescribingJson object at 0x7787d7edb0a0>, <snowplow_tracker.self_describing_json.SelfDescribingJson object at 0x7787d5adf220>]}


============================== 14:57:31.108726 | b8f19fb3-388b-44de-a61f-5126c35875e8 ==============================
[0m14:57:31.108726 [info ] [MainThread]: Running with dbt=1.7.14
[0m14:57:31.109684 [debug] [MainThread]: running dbt with arguments {'printer_width': '80', 'indirect_selection': 'eager', 'write_json': 'True', 'log_cache_events': 'False', 'partial_parse': 'True', 'cache_selected_only': 'False', 'warn_error': 'None', 'fail_fast': 'False', 'version_check': 'True', 'log_path': 'logs', 'debug': 'False', 'profiles_dir': '/home/codespace/.dbt', 'use_colors': 'True', 'use_experimental_parser': 'False', 'no_print': 'None', 'quiet': 'False', 'log_format': 'default', 'static_parser': 'True', 'invocation_command': 'dbt init', 'introspect': 'True', 'target_path': 'None', 'warn_error_options': 'WarnErrorOptions(include=[], exclude=[])', 'send_anonymous_usage_stats': 'True'}
[0m14:57:31.110457 [warn ] [MainThread]: [ConfigFolderDirectory]: Unable to parse dict {'dir': PosixPath('/home/codespace/.dbt')}
[0m14:57:31.111202 [info ] [MainThread]: Creating dbt configuration folder at 
[0m14:57:50.463010 [debug] [MainThread]: Starter project path: /workspaces/DS525/06-analytics-engineering/ENV/lib/python3.10/site-packages/dbt/include/starter_project
[0m14:57:50.468948 [info ] [MainThread]: 
Your new dbt project "ds525" was created!

For more information on how to configure the profiles.yml file,
please consult the dbt documentation here:

  https://docs.getdbt.com/docs/configure-your-profile

One more thing:

Need help? Don't hesitate to reach out to us via GitHub issues or on Slack:

  https://community.getdbt.com/

Happy modeling!

[0m14:57:50.470289 [info ] [MainThread]: Setting up your profile.
[0m15:01:26.215208 [info ] [MainThread]: Profile ds525 written to /home/codespace/.dbt/profiles.yml using target's profile_template.yml and your supplied values. Run 'dbt debug' to validate the connection.
[0m15:01:26.224312 [debug] [MainThread]: Resource report: {"command_name": "init", "command_success": true, "command_wall_clock_time": 235.17569, "process_user_time": 2.522551, "process_kernel_time": 0.142313, "process_mem_max_rss": "92672", "process_in_blocks": "3368", "process_out_blocks": "88"}
[0m15:01:26.225228 [debug] [MainThread]: Command `dbt init` succeeded at 15:01:26.224988 after 235.18 seconds
[0m15:01:26.225950 [debug] [MainThread]: Sending event: {'category': 'dbt', 'action': 'invocation', 'label': 'end', 'context': [<snowplow_tracker.self_describing_json.SelfDescribingJson object at 0x7787d7666f20>, <snowplow_tracker.self_describing_json.SelfDescribingJson object at 0x7787d5ade950>, <snowplow_tracker.self_describing_json.SelfDescribingJson object at 0x7787d5adf400>]}
[0m15:01:26.226678 [debug] [MainThread]: Flushing usage events
