[2024-05-05T13:41:41.947+0000] {local_task_job_runner.py:120} INFO - ::group::Pre task execution logs
[2024-05-05T13:41:42.064+0000] {taskinstance.py:2073} INFO - Dependencies all met for dep_context=non-requeueable deps ti=<TaskInstance: example_complex.get_tag_template_result manual__2024-05-05T13:41:12.244644+00:00 [queued]>
[2024-05-05T13:41:42.082+0000] {taskinstance.py:2073} INFO - Dependencies all met for dep_context=requeueable deps ti=<TaskInstance: example_complex.get_tag_template_result manual__2024-05-05T13:41:12.244644+00:00 [queued]>
[2024-05-05T13:41:42.083+0000] {taskinstance.py:2303} INFO - Starting attempt 1 of 1
[2024-05-05T13:41:42.150+0000] {taskinstance.py:2327} INFO - Executing <Task(BashOperator): get_tag_template_result> on 2024-05-05 13:41:12.244644+00:00
[2024-05-05T13:41:42.216+0000] {standard_task_runner.py:90} INFO - Running: ['***', 'tasks', 'run', 'example_complex', 'get_tag_template_result', 'manual__2024-05-05T13:41:12.244644+00:00', '--job-id', '21', '--raw', '--subdir', '/home/***/.local/lib/python3.12/site-packages/***/example_dags/example_complex.py', '--cfg-path', '/tmp/tmpzenq7xwe']
[2024-05-05T13:41:42.235+0000] {standard_task_runner.py:91} INFO - Job 21: Subtask get_tag_template_result
[2024-05-05T13:41:42.232+0000] {logging_mixin.py:188} WARNING - /home/***/.local/lib/python3.12/site-packages/***/task/task_runner/standard_task_runner.py:61 DeprecationWarning: This process (pid=1427) is multi-threaded, use of fork() may lead to deadlocks in the child.
[2024-05-05T13:41:42.257+0000] {standard_task_runner.py:63} INFO - Started process 1553 to run task
[2024-05-05T13:41:42.371+0000] {task_command.py:426} INFO - Running <TaskInstance: example_complex.get_tag_template_result manual__2024-05-05T13:41:12.244644+00:00 [running]> on host b274a178a74a
[2024-05-05T13:41:42.596+0000] {taskinstance.py:2644} INFO - Exporting env vars: AIRFLOW_CTX_DAG_OWNER='***' AIRFLOW_CTX_DAG_ID='example_complex' AIRFLOW_CTX_TASK_ID='get_tag_template_result' AIRFLOW_CTX_EXECUTION_DATE='2024-05-05T13:41:12.244644+00:00' AIRFLOW_CTX_TRY_NUMBER='1' AIRFLOW_CTX_DAG_RUN_ID='manual__2024-05-05T13:41:12.244644+00:00'
[2024-05-05T13:41:42.598+0000] {taskinstance.py:430} INFO - ::endgroup::
[2024-05-05T13:41:42.603+0000] {subprocess.py:63} INFO - Tmp dir root location: /tmp
[2024-05-05T13:41:42.609+0000] {subprocess.py:75} INFO - Running command: ['/usr/bin/bash', '-c', 'echo get_tag_template_result']
[2024-05-05T13:41:42.684+0000] {subprocess.py:86} INFO - Output:
[2024-05-05T13:41:42.703+0000] {subprocess.py:93} INFO - get_tag_template_result
[2024-05-05T13:41:42.707+0000] {subprocess.py:97} INFO - Command exited with return code 0
[2024-05-05T13:41:42.707+0000] {taskinstance.py:441} INFO - ::group::Post task execution logs
[2024-05-05T13:41:42.743+0000] {taskinstance.py:1205} INFO - Marking task as SUCCESS. dag_id=example_complex, task_id=get_tag_template_result, execution_date=20240505T134112, start_date=20240505T134142, end_date=20240505T134142
[2024-05-05T13:41:42.841+0000] {local_task_job_runner.py:240} INFO - Task exited with return code 0
[2024-05-05T13:41:42.875+0000] {taskinstance.py:3482} INFO - 0 downstream tasks scheduled from follow-on schedule check
[2024-05-05T13:41:42.885+0000] {local_task_job_runner.py:222} INFO - ::endgroup::
