[2024-05-05T14:29:34.382+0000] {local_task_job_runner.py:120} INFO - ::group::Pre task execution logs
[2024-05-05T14:29:34.418+0000] {taskinstance.py:2073} INFO - Dependencies all met for dep_context=non-requeueable deps ti=<TaskInstance: hello.echo_hello manual__2024-05-05T14:29:31.177606+00:00 [queued]>
[2024-05-05T14:29:34.426+0000] {taskinstance.py:2073} INFO - Dependencies all met for dep_context=requeueable deps ti=<TaskInstance: hello.echo_hello manual__2024-05-05T14:29:31.177606+00:00 [queued]>
[2024-05-05T14:29:34.427+0000] {taskinstance.py:2303} INFO - Starting attempt 1 of 1
[2024-05-05T14:29:34.448+0000] {taskinstance.py:2327} INFO - Executing <Task(BashOperator): echo_hello> on 2024-05-05 14:29:31.177606+00:00
[2024-05-05T14:29:34.458+0000] {logging_mixin.py:188} WARNING - /home/***/.local/lib/python3.12/site-packages/***/task/task_runner/standard_task_runner.py:61 DeprecationWarning: This process (pid=27493) is multi-threaded, use of fork() may lead to deadlocks in the child.
[2024-05-05T14:29:34.460+0000] {standard_task_runner.py:63} INFO - Started process 27515 to run task
[2024-05-05T14:29:34.464+0000] {standard_task_runner.py:90} INFO - Running: ['***', 'tasks', 'run', 'hello', 'echo_hello', 'manual__2024-05-05T14:29:31.177606+00:00', '--job-id', '39', '--raw', '--subdir', 'DAGS_FOLDER/hello.py', '--cfg-path', '/tmp/tmp_wezqe8o']
[2024-05-05T14:29:34.466+0000] {standard_task_runner.py:91} INFO - Job 39: Subtask echo_hello
[2024-05-05T14:29:34.568+0000] {task_command.py:426} INFO - Running <TaskInstance: hello.echo_hello manual__2024-05-05T14:29:31.177606+00:00 [running]> on host b274a178a74a
[2024-05-05T14:29:34.668+0000] {taskinstance.py:2644} INFO - Exporting env vars: AIRFLOW_CTX_DAG_OWNER='***' AIRFLOW_CTX_DAG_ID='hello' AIRFLOW_CTX_TASK_ID='echo_hello' AIRFLOW_CTX_EXECUTION_DATE='2024-05-05T14:29:31.177606+00:00' AIRFLOW_CTX_TRY_NUMBER='1' AIRFLOW_CTX_DAG_RUN_ID='manual__2024-05-05T14:29:31.177606+00:00'
[2024-05-05T14:29:34.670+0000] {taskinstance.py:430} INFO - ::endgroup::
[2024-05-05T14:29:34.673+0000] {subprocess.py:63} INFO - Tmp dir root location: /tmp
[2024-05-05T14:29:34.674+0000] {subprocess.py:75} INFO - Running command: ['/usr/bin/bash', '-c', "echo 'hello'"]
[2024-05-05T14:29:34.691+0000] {subprocess.py:86} INFO - Output:
[2024-05-05T14:29:34.695+0000] {subprocess.py:93} INFO - hello
[2024-05-05T14:29:34.696+0000] {subprocess.py:97} INFO - Command exited with return code 0
[2024-05-05T14:29:34.697+0000] {taskinstance.py:441} INFO - ::group::Post task execution logs
[2024-05-05T14:29:34.732+0000] {taskinstance.py:1205} INFO - Marking task as SUCCESS. dag_id=hello, task_id=echo_hello, execution_date=20240505T142931, start_date=20240505T142934, end_date=20240505T142934
[2024-05-05T14:29:34.770+0000] {local_task_job_runner.py:240} INFO - Task exited with return code 0
[2024-05-05T14:29:34.800+0000] {taskinstance.py:3482} INFO - 0 downstream tasks scheduled from follow-on schedule check
[2024-05-05T14:29:34.809+0000] {local_task_job_runner.py:222} INFO - ::endgroup::
